<?xml version="1.0" encoding="UTF-8"?>
<testsuite xmlns:xsi="http://www.w3.org/2001/XMLSchema-instance" xsi:noNamespaceSchemaLocation="https://maven.apache.org/surefire/maven-surefire-plugin/xsd/surefire-test-report-3.0.xsd" version="3.0" name="com.novel.ai.security.password.PasswordEncoderTest" time="0.207" tests="3" errors="0" skipped="0" failures="0">
  <properties>
[...]
</properties>
  <testcase name="testEncodePassword" classname="com.novel.ai.security.password.PasswordEncoderTest" time="0.145"/>
  <testcase name="testNotMatchPassword" classname="com.novel.ai.security.password.PasswordEncoderTest" time="0.037"/>
  <testcase name="testMatchPassword" classname="com.novel.ai.security.password.PasswordEncoderTest" time="0.008"/>
</testsuite>